<?xml version="1.0" encoding="UTF-8"?>
<testsuite xmlns:xsi="http://www.w3.org/2001/XMLSchema-instance" xsi:noNamespaceSchemaLocation="https://maven.apache.org/surefire/maven-surefire-plugin/xsd/surefire-test-report-3.0.xsd" version="3.0" name="com.simplilearn.bddtest.testrunner.TestRunner" time="201.437" tests="41" errors="9" skipped="0" failures="0">
  <properties>
[...]
</properties>
  <testcase name=": Search a product and add the first result/product to the User basket" classname="Add to Cart" time="0.459">
    <error message="The step &apos;User search for a product &quot;Lenovo Laptop&quot;&apos; and 3 other step(s) are undefined.&#10;You can implement these steps using the snippet(s) below:&#10;&#10;@Given(&quot;User search for a product {string}&quot;)&#10;public void user_search_for_a_product(String string) {&#10;    // Write code here that turns the phrase above into concrete actions&#10;    throw new io.cucumber.java.PendingException();&#10;}&#10;@When(&quot;Add the first laptop that apears in the search results to the basket&quot;)&#10;public void add_the_first_laptop_that_apears_in_the_search_results_to_the_basket() {&#10;    // Write code here that turns the phrase above into concrete actions&#10;    throw new io.cucumber.java.PendingException();&#10;}&#10;@When(&quot;User clicks on {string} link&quot;)&#10;public void user_clicks_on_link(String string) {&#10;    // Write code here that turns the phrase above into concrete actions&#10;    throw new io.cucumber.java.PendingException();&#10;}&#10;@Then(&quot;User basket should display added {int} items&quot;)&#10;public void user_basket_should_display_added_items(Integer int1) {&#10;    // Write code here that turns the phrase above into concrete actions&#10;    throw new io.cucumber.java.PendingException();&#10;}&#10;" type="io.cucumber.junit.UndefinedStepException"><![CDATA[io.cucumber.junit.UndefinedStepException: 
The step 'User search for a product "Lenovo Laptop"' and 3 other step(s) are undefined.
You can implement these steps using the snippet(s) below:

@Given("User search for a product {string}")
public void user_search_for_a_product(String string) {
    // Write code here that turns the phrase above into concrete actions
    throw new io.cucumber.java.PendingException();
}
@When("Add the first laptop that apears in the search results to the basket")
public void add_the_first_laptop_that_apears_in_the_search_results_to_the_basket() {
    // Write code here that turns the phrase above into concrete actions
    throw new io.cucumber.java.PendingException();
}
@When("User clicks on {string} link")
public void user_clicks_on_link(String string) {
    // Write code here that turns the phrase above into concrete actions
    throw new io.cucumber.java.PendingException();
}
@Then("User basket should display added {int} items")
public void user_basket_should_display_added_items(Integer int1) {
    // Write code here that turns the phrase above into concrete actions
    throw new io.cucumber.java.PendingException();
}

]]></error>
  </testcase>
  <testcase name="Amazon Homepage title verification" classname="Amazon Homepage Test" time="12.195">
    <system-err><![CDATA[Jan 02, 2024 5:00:54 PM org.openqa.selenium.devtools.CdpVersionFinder findNearestMatch
WARNING: Unable to find an exact match for CDP version 120, returning the closest version; found: 119; Please update to a Selenium version that supports CDP version 120
]]></system-err>
  </testcase>
  <testcase name="Should not be Amazon Homepage" classname="Amazon Homepage Test" time="13.268">
    <system-err><![CDATA[Jan 02, 2024 5:01:03 PM org.openqa.selenium.devtools.CdpVersionFinder findNearestMatch
WARNING: Unable to find an exact match for CDP version 120, returning the closest version; found: 119; Please update to a Selenium version that supports CDP version 120
]]></system-err>
  </testcase>
  <testcase name="Verification of search feature button with numbers of products" classname="Search products on Amazon #1" time="27.897">
    <system-out><![CDATA[>>>>>>>>>>>>[{name=Iphone 15 pro max, title=Amazon.in : Iphone 15 pro max}, {name=Apple Mac book, title=Amazon.in : Apple Mac book}]
]]></system-out>
    <system-err><![CDATA[Jan 02, 2024 5:01:17 PM org.openqa.selenium.devtools.CdpVersionFinder findNearestMatch
WARNING: Unable to find an exact match for CDP version 120, returning the closest version; found: 119; Please update to a Selenium version that supports CDP version 120
]]></system-err>
  </testcase>
  <testcase name="Search feature Test with multiple of products #1" classname="Search products on Amazon #2" time="37.756">
    <error message="target frame detached&#10;  (failed to check if window was closed: disconnected: not connected to DevTools)&#10;  (Session info: chrome=120.0.6099.130)&#10;Build info: version: &apos;4.15.0&apos;, revision: &apos;1d14b5521b&apos;&#10;System info: os.name: &apos;Windows 10&apos;, os.arch: &apos;amd64&apos;, os.version: &apos;10.0&apos;, java.version: &apos;17.0.9&apos;&#10;Driver info: org.openqa.selenium.chrome.ChromeDriver&#10;Command: [9d6937dd53b9cb9e3faf3ea5d29f4958, findElement {using=id, value=twotabsearchtextbox}]&#10;Capabilities {acceptInsecureCerts: false, browserName: chrome, browserVersion: 120.0.6099.130, chrome: {chromedriverVersion: 120.0.6099.71 (9729082fe617..., userDataDir: C:\Users\WIN10\AppData\Loca...}, fedcm:accounts: true, goog:chromeOptions: {debuggerAddress: localhost:58567}, networkConnectionEnabled: false, pageLoadStrategy: normal, platformName: windows, proxy: Proxy(), se:cdp: ws://localhost:58567/devtoo..., se:cdpVersion: 120.0.6099.130, setWindowRect: true, strictFileInteractability: false, timeouts: {implicit: 0, pageLoad: 300000, script: 30000}, unhandledPromptBehavior: dismiss and notify, webauthn:extension:credBlob: true, webauthn:extension:largeBlob: true, webauthn:extension:minPinLength: true, webauthn:extension:prf: true, webauthn:virtualAuthenticators: true}&#10;Session ID: 9d6937dd53b9cb9e3faf3ea5d29f4958" type="org.openqa.selenium.WebDriverException"><![CDATA[org.openqa.selenium.WebDriverException: 
target frame detached
  (failed to check if window was closed: disconnected: not connected to DevTools)
  (Session info: chrome=120.0.6099.130)
Build info: version: '4.15.0', revision: '1d14b5521b'
System info: os.name: 'Windows 10', os.arch: 'amd64', os.version: '10.0', java.version: '17.0.9'
Driver info: org.openqa.selenium.chrome.ChromeDriver
Command: [9d6937dd53b9cb9e3faf3ea5d29f4958, findElement {using=id, value=twotabsearchtextbox}]
Capabilities {acceptInsecureCerts: false, browserName: chrome, browserVersion: 120.0.6099.130, chrome: {chromedriverVersion: 120.0.6099.71 (9729082fe617..., userDataDir: C:\Users\WIN10\AppData\Loca...}, fedcm:accounts: true, goog:chromeOptions: {debuggerAddress: localhost:58567}, networkConnectionEnabled: false, pageLoadStrategy: normal, platformName: windows, proxy: Proxy(), se:cdp: ws://localhost:58567/devtoo..., se:cdpVersion: 120.0.6099.130, setWindowRect: true, strictFileInteractability: false, timeouts: {implicit: 0, pageLoad: 300000, script: 30000}, unhandledPromptBehavior: dismiss and notify, webauthn:extension:credBlob: true, webauthn:extension:largeBlob: true, webauthn:extension:minPinLength: true, webauthn:extension:prf: true, webauthn:virtualAuthenticators: true}
Session ID: 9d6937dd53b9cb9e3faf3ea5d29f4958
	at java.base/jdk.internal.reflect.NativeConstructorAccessorImpl.newInstance0(Native Method)
	at java.base/jdk.internal.reflect.NativeConstructorAccessorImpl.newInstance(NativeConstructorAccessorImpl.java:77)
	at java.base/jdk.internal.reflect.DelegatingConstructorAccessorImpl.newInstance(DelegatingConstructorAccessorImpl.java:45)
	at java.base/java.lang.reflect.Constructor.newInstanceWithCaller(Constructor.java:499)
	at java.base/java.lang.reflect.Constructor.newInstance(Constructor.java:480)
	at org.openqa.selenium.remote.codec.w3c.W3CHttpResponseCodec.createException(W3CHttpResponseCodec.java:200)
	at org.openqa.selenium.remote.codec.w3c.W3CHttpResponseCodec.decode(W3CHttpResponseCodec.java:133)
	at org.openqa.selenium.remote.codec.w3c.W3CHttpResponseCodec.decode(W3CHttpResponseCodec.java:52)
	at org.openqa.selenium.remote.HttpCommandExecutor.execute(HttpCommandExecutor.java:191)
	at org.openqa.selenium.remote.service.DriverCommandExecutor.invokeExecute(DriverCommandExecutor.java:200)
	at org.openqa.selenium.remote.service.DriverCommandExecutor.execute(DriverCommandExecutor.java:175)
	at org.openqa.selenium.remote.RemoteWebDriver.execute(RemoteWebDriver.java:607)
	at org.openqa.selenium.remote.ElementLocation$ElementFinder$2.findElement(ElementLocation.java:165)
	at org.openqa.selenium.remote.ElementLocation.findElement(ElementLocation.java:66)
	at org.openqa.selenium.remote.RemoteWebDriver.findElement(RemoteWebDriver.java:364)
	at org.openqa.selenium.remote.RemoteWebDriver.findElement(RemoteWebDriver.java:358)
	at com.simplilearn.bddtest.stepdefinitions.AmazonProductSearch2Steps.enter_product_search_input(AmazonProductSearch2Steps.java:45)
	at ✽.Enter Product Search input "Iphone 15 pro max"(file:///C:/Users/WIN10/eclipse-workspace/phase2-cucumber-maven-test-27-12-2023/src/test/resource/Features/amazon-product-search2.feature:10)
]]></error>
    <system-err><![CDATA[Jan 02, 2024 5:01:46 PM org.openqa.selenium.devtools.CdpVersionFinder findNearestMatch
WARNING: Unable to find an exact match for CDP version 120, returning the closest version; found: 119; Please update to a Selenium version that supports CDP version 120
]]></system-err>
  </testcase>
  <testcase name="Search feature Test with multiple of products #2" classname="Search products on Amazon #2" time="47.391">
    <error message="no such element: Unable to locate element: {&quot;method&quot;:&quot;css selector&quot;,&quot;selector&quot;:&quot;#twotabsearchtextbox&quot;}&#10;  (Session info: chrome=120.0.6099.130)&#10;For documentation on this error, please visit: https://www.selenium.dev/documentation/webdriver/troubleshooting/errors#no-such-element-exception&#10;Build info: version: &apos;4.15.0&apos;, revision: &apos;1d14b5521b&apos;&#10;System info: os.name: &apos;Windows 10&apos;, os.arch: &apos;amd64&apos;, os.version: &apos;10.0&apos;, java.version: &apos;17.0.9&apos;&#10;Driver info: org.openqa.selenium.chrome.ChromeDriver&#10;Command: [18ba90810f4f31bbc98d005411cfbf99, findElement {using=id, value=twotabsearchtextbox}]&#10;Capabilities {acceptInsecureCerts: false, browserName: chrome, browserVersion: 120.0.6099.130, chrome: {chromedriverVersion: 120.0.6099.71 (9729082fe617..., userDataDir: C:\Users\WIN10\AppData\Loca...}, fedcm:accounts: true, goog:chromeOptions: {debuggerAddress: localhost:58638}, networkConnectionEnabled: false, pageLoadStrategy: normal, platformName: windows, proxy: Proxy(), se:cdp: ws://localhost:58638/devtoo..., se:cdpVersion: 120.0.6099.130, setWindowRect: true, strictFileInteractability: false, timeouts: {implicit: 0, pageLoad: 300000, script: 30000}, unhandledPromptBehavior: dismiss and notify, webauthn:extension:credBlob: true, webauthn:extension:largeBlob: true, webauthn:extension:minPinLength: true, webauthn:extension:prf: true, webauthn:virtualAuthenticators: true}&#10;Session ID: 18ba90810f4f31bbc98d005411cfbf99" type="org.openqa.selenium.NoSuchElementException"><![CDATA[org.openqa.selenium.NoSuchElementException: 
no such element: Unable to locate element: {"method":"css selector","selector":"#twotabsearchtextbox"}
  (Session info: chrome=120.0.6099.130)
For documentation on this error, please visit: https://www.selenium.dev/documentation/webdriver/troubleshooting/errors#no-such-element-exception
Build info: version: '4.15.0', revision: '1d14b5521b'
System info: os.name: 'Windows 10', os.arch: 'amd64', os.version: '10.0', java.version: '17.0.9'
Driver info: org.openqa.selenium.chrome.ChromeDriver
Command: [18ba90810f4f31bbc98d005411cfbf99, findElement {using=id, value=twotabsearchtextbox}]
Capabilities {acceptInsecureCerts: false, browserName: chrome, browserVersion: 120.0.6099.130, chrome: {chromedriverVersion: 120.0.6099.71 (9729082fe617..., userDataDir: C:\Users\WIN10\AppData\Loca...}, fedcm:accounts: true, goog:chromeOptions: {debuggerAddress: localhost:58638}, networkConnectionEnabled: false, pageLoadStrategy: normal, platformName: windows, proxy: Proxy(), se:cdp: ws://localhost:58638/devtoo..., se:cdpVersion: 120.0.6099.130, setWindowRect: true, strictFileInteractability: false, timeouts: {implicit: 0, pageLoad: 300000, script: 30000}, unhandledPromptBehavior: dismiss and notify, webauthn:extension:credBlob: true, webauthn:extension:largeBlob: true, webauthn:extension:minPinLength: true, webauthn:extension:prf: true, webauthn:virtualAuthenticators: true}
Session ID: 18ba90810f4f31bbc98d005411cfbf99
	at java.base/jdk.internal.reflect.NativeConstructorAccessorImpl.newInstance0(Native Method)
	at java.base/jdk.internal.reflect.NativeConstructorAccessorImpl.newInstance(NativeConstructorAccessorImpl.java:77)
	at java.base/jdk.internal.reflect.DelegatingConstructorAccessorImpl.newInstance(DelegatingConstructorAccessorImpl.java:45)
	at java.base/java.lang.reflect.Constructor.newInstanceWithCaller(Constructor.java:499)
	at java.base/java.lang.reflect.Constructor.newInstance(Constructor.java:480)
	at org.openqa.selenium.remote.codec.w3c.W3CHttpResponseCodec.createException(W3CHttpResponseCodec.java:200)
	at org.openqa.selenium.remote.codec.w3c.W3CHttpResponseCodec.decode(W3CHttpResponseCodec.java:133)
	at org.openqa.selenium.remote.codec.w3c.W3CHttpResponseCodec.decode(W3CHttpResponseCodec.java:52)
	at org.openqa.selenium.remote.HttpCommandExecutor.execute(HttpCommandExecutor.java:191)
	at org.openqa.selenium.remote.service.DriverCommandExecutor.invokeExecute(DriverCommandExecutor.java:200)
	at org.openqa.selenium.remote.service.DriverCommandExecutor.execute(DriverCommandExecutor.java:175)
	at org.openqa.selenium.remote.RemoteWebDriver.execute(RemoteWebDriver.java:607)
	at org.openqa.selenium.remote.ElementLocation$ElementFinder$2.findElement(ElementLocation.java:165)
	at org.openqa.selenium.remote.ElementLocation.findElement(ElementLocation.java:66)
	at org.openqa.selenium.remote.RemoteWebDriver.findElement(RemoteWebDriver.java:364)
	at org.openqa.selenium.remote.RemoteWebDriver.findElement(RemoteWebDriver.java:358)
	at com.simplilearn.bddtest.stepdefinitions.AmazonProductSearch2Steps.enter_product_search_input(AmazonProductSearch2Steps.java:45)
	at ✽.Enter Product Search input "Apple Mac book"(file:///C:/Users/WIN10/eclipse-workspace/phase2-cucumber-maven-test-27-12-2023/src/test/resource/Features/amazon-product-search2.feature:10)
]]></error>
    <system-err><![CDATA[Jan 02, 2024 5:02:20 PM org.openqa.selenium.devtools.CdpVersionFinder findNearestMatch
WARNING: Unable to find an exact match for CDP version 120, returning the closest version; found: 119; Please update to a Selenium version that supports CDP version 120
]]></system-err>
  </testcase>
  <testcase name="Unsuccessful Verification of Login functionality" classname="Facebook Login Verification #1" time="1.194">
    <error message="Cannot invoke &quot;org.openqa.selenium.WebDriver.get(String)&quot; because &quot;this.driver&quot; is null" type="java.lang.NullPointerException"><![CDATA[java.lang.NullPointerException: Cannot invoke "org.openqa.selenium.WebDriver.get(String)" because "this.driver" is null
	at com.simplilearn.bddtest.stepdefinitions.FacebookLoginSteps.i_should_be_on_the_facebook_login_page(FacebookLoginSteps.java:40)
	at ✽.I should be on the facebook login page(file:///C:/Users/WIN10/eclipse-workspace/phase2-cucumber-maven-test-27-12-2023/src/test/resource/Features/facebook-login.feature:7)
]]></error>
  </testcase>
  <testcase name="Unsuccessful Verification of Login functionality #1" classname="Facebook Login Verification #2" time="16.592">
    <system-out><![CDATA[This step : error message displayed with wrong credentials
]]></system-out>
    <system-err><![CDATA[Jan 02, 2024 5:03:10 PM org.openqa.selenium.devtools.CdpVersionFinder findNearestMatch
WARNING: Unable to find an exact match for CDP version 120, returning the closest version; found: 119; Please update to a Selenium version that supports CDP version 120
]]></system-err>
  </testcase>
  <testcase name="Unsuccessful Verification of Login functionality #2" classname="Facebook Login Verification #2" time="13.581">
    <system-out><![CDATA[This step : error message displayed with wrong credentials
]]></system-out>
    <system-err><![CDATA[Jan 02, 2024 5:03:26 PM org.openqa.selenium.devtools.CdpVersionFinder findNearestMatch
WARNING: Unable to find an exact match for CDP version 120, returning the closest version; found: 119; Please update to a Selenium version that supports CDP version 120
]]></system-err>
  </testcase>
  <testcase name="Unsuccessful Verification of Login functionality #3" classname="Facebook Login Verification #2" time="10.252">
    <system-out><![CDATA[This step : error message displayed with wrong credentials
]]></system-out>
    <system-err><![CDATA[Jan 02, 2024 5:03:38 PM org.openqa.selenium.devtools.CdpVersionFinder findNearestMatch
WARNING: Unable to find an exact match for CDP version 120, returning the closest version; found: 119; Please update to a Selenium version that supports CDP version 120
]]></system-err>
  </testcase>
  <testcase name="Title of your 1st scenario" classname="Title of your feature" time="0.012">
    <system-out><![CDATA[Steps : 1
Steps : 2
Steps : 3
Steps : 4
Steps : 5
]]></system-out>
  </testcase>
  <testcase name="Title of your 2nd scenario" classname="Title of your feature" time="0.015">
    <system-out><![CDATA[Steps : 1
Steps : 2
Steps : 3
Steps : 4
Steps : 5
]]></system-out>
  </testcase>
  <testcase name="Title of your 3nd scenario" classname="Title of your feature" time="0.007">
    <system-out><![CDATA[Steps : 1
Steps : 2
Steps : 3
Steps : 4
Steps : 5
]]></system-out>
  </testcase>
  <testcase name="Title of your scenario outline #1" classname="Test Hooks with Senario Outline" time="0.026">
    <system-out><![CDATA[Steps : 1
Steps : 2
Steps : 3
Steps : 4
Steps : 5
]]></system-out>
  </testcase>
  <testcase name="Title of your scenario outline #2" classname="Test Hooks with Senario Outline" time="0.024">
    <system-out><![CDATA[Steps : 1
Steps : 2
Steps : 3
Steps : 4
Steps : 5
]]></system-out>
  </testcase>
  <testcase name="Title of your scenario outline #3" classname="Test Hooks with Senario Outline" time="0.026">
    <system-out><![CDATA[Steps : 1
Steps : 2
Steps : 3
Steps : 4
Steps : 5
]]></system-out>
  </testcase>
  <testcase name="Successfull Verification of Login functionality" classname="Login" time="0.07">
    <system-out><![CDATA[This step : user should be on the login page.
This step : user enters email adress.
This step : user clicks login button
This step : user should navigate to My Account
]]></system-out>
  </testcase>
  <testcase name="Valid Credentials for login" classname="Login" time="0.012">
    <system-out><![CDATA[This step : User want to enter valid ceredntials
This step : user check for email and password fields
This step : user enters following details
This step : user clicks login button
]]></system-out>
  </testcase>
  <testcase name="Unsuccessful Verification of Login functionality" classname="Login" time="0.013">
    <system-out><![CDATA[This step : user should be on the login page.
This step : user enters email adress.
This step : user enters password
This step : user clicks login button
This step : error message displayed with wrong credentials
This step : user returns back on the login page
]]></system-out>
  </testcase>
  <testcase name="Create a New User" classname="Registration" time="0.021">
    <error message="The step &apos;user on the hompage&apos; and 8 other step(s) are undefined.&#10;You can implement these steps using the snippet(s) below:&#10;&#10;@Given(&quot;user on the hompage&quot;)&#10;public void user_on_the_hompage() {&#10;    // Write code here that turns the phrase above into concrete actions&#10;    throw new io.cucumber.java.PendingException();&#10;}&#10;@Given(&quot;user follows {string} button&quot;)&#10;public void user_follows_button(String string) {&#10;    // Write code here that turns the phrase above into concrete actions&#10;    throw new io.cucumber.java.PendingException();&#10;}&#10;@Given(&quot;user should be on the registration page&quot;)&#10;public void user_should_be_on_the_registration_page() {&#10;    // Write code here that turns the phrase above into concrete actions&#10;    throw new io.cucumber.java.PendingException();&#10;}&#10;@Given(&quot;user fills registration {string} with {string}&quot;)&#10;public void user_fills_registration_with(String string, String string2) {&#10;    // Write code here that turns the phrase above into concrete actions&#10;    throw new io.cucumber.java.PendingException();&#10;}&#10;@Given(&quot;user clicks {string} button&quot;)&#10;public void user_clicks_button(String string) {&#10;    // Write code here that turns the phrase above into concrete actions&#10;    throw new io.cucumber.java.PendingException();&#10;}&#10;@Then(&quot;User is created Successfully&quot;)&#10;public void user_is_created_successfully() {&#10;    // Write code here that turns the phrase above into concrete actions&#10;    throw new io.cucumber.java.PendingException();&#10;}&#10;@Then(&quot;user return back on registration page&quot;)&#10;public void user_return_back_on_registration_page() {&#10;    // Write code here that turns the phrase above into concrete actions&#10;    throw new io.cucumber.java.PendingException();&#10;}&#10;" type="io.cucumber.junit.UndefinedStepException"><![CDATA[io.cucumber.junit.UndefinedStepException: 
The step 'user on the hompage' and 8 other step(s) are undefined.
You can implement these steps using the snippet(s) below:

@Given("user on the hompage")
public void user_on_the_hompage() {
    // Write code here that turns the phrase above into concrete actions
    throw new io.cucumber.java.PendingException();
}
@Given("user follows {string} button")
public void user_follows_button(String string) {
    // Write code here that turns the phrase above into concrete actions
    throw new io.cucumber.java.PendingException();
}
@Given("user should be on the registration page")
public void user_should_be_on_the_registration_page() {
    // Write code here that turns the phrase above into concrete actions
    throw new io.cucumber.java.PendingException();
}
@Given("user fills registration {string} with {string}")
public void user_fills_registration_with(String string, String string2) {
    // Write code here that turns the phrase above into concrete actions
    throw new io.cucumber.java.PendingException();
}
@Given("user clicks {string} button")
public void user_clicks_button(String string) {
    // Write code here that turns the phrase above into concrete actions
    throw new io.cucumber.java.PendingException();
}
@Then("User is created Successfully")
public void user_is_created_successfully() {
    // Write code here that turns the phrase above into concrete actions
    throw new io.cucumber.java.PendingException();
}
@Then("user return back on registration page")
public void user_return_back_on_registration_page() {
    // Write code here that turns the phrase above into concrete actions
    throw new io.cucumber.java.PendingException();
}

]]></error>
  </testcase>
  <testcase name="User does not follow form validations" classname="Registration" time="0.126">
    <error message="The step &apos;user on the hompage&apos; and 5 other step(s) are undefined.&#10;You can implement these steps using the snippet(s) below:&#10;&#10;@Given(&quot;user on the hompage&quot;)&#10;public void user_on_the_hompage() {&#10;    // Write code here that turns the phrase above into concrete actions&#10;    throw new io.cucumber.java.PendingException();&#10;}&#10;@Given(&quot;user follows {string} button&quot;)&#10;public void user_follows_button(String string) {&#10;    // Write code here that turns the phrase above into concrete actions&#10;    throw new io.cucumber.java.PendingException();&#10;}&#10;@Given(&quot;user should be on the registration page&quot;)&#10;public void user_should_be_on_the_registration_page() {&#10;    // Write code here that turns the phrase above into concrete actions&#10;    throw new io.cucumber.java.PendingException();&#10;}&#10;@When(&quot;user enters wrong characters&quot;)&#10;public void user_enters_wrong_characters() {&#10;    // Write code here that turns the phrase above into concrete actions&#10;    throw new io.cucumber.java.PendingException();&#10;}&#10;@Then(&quot;error message displayed with invalid password&quot;)&#10;public void error_message_displayed_with_invalid_password() {&#10;    // Write code here that turns the phrase above into concrete actions&#10;    throw new io.cucumber.java.PendingException();&#10;}&#10;@Then(&quot;user return back on registration page&quot;)&#10;public void user_return_back_on_registration_page() {&#10;    // Write code here that turns the phrase above into concrete actions&#10;    throw new io.cucumber.java.PendingException();&#10;}&#10;" type="io.cucumber.junit.UndefinedStepException"><![CDATA[io.cucumber.junit.UndefinedStepException: 
The step 'user on the hompage' and 5 other step(s) are undefined.
You can implement these steps using the snippet(s) below:

@Given("user on the hompage")
public void user_on_the_hompage() {
    // Write code here that turns the phrase above into concrete actions
    throw new io.cucumber.java.PendingException();
}
@Given("user follows {string} button")
public void user_follows_button(String string) {
    // Write code here that turns the phrase above into concrete actions
    throw new io.cucumber.java.PendingException();
}
@Given("user should be on the registration page")
public void user_should_be_on_the_registration_page() {
    // Write code here that turns the phrase above into concrete actions
    throw new io.cucumber.java.PendingException();
}
@When("user enters wrong characters")
public void user_enters_wrong_characters() {
    // Write code here that turns the phrase above into concrete actions
    throw new io.cucumber.java.PendingException();
}
@Then("error message displayed with invalid password")
public void error_message_displayed_with_invalid_password() {
    // Write code here that turns the phrase above into concrete actions
    throw new io.cucumber.java.PendingException();
}
@Then("user return back on registration page")
public void user_return_back_on_registration_page() {
    // Write code here that turns the phrase above into concrete actions
    throw new io.cucumber.java.PendingException();
}

]]></error>
  </testcase>
  <testcase name="Verification of reset button with numbers of credential" classname="Reset Login Form" time="12.655">
    <system-out><![CDATA[Credentials Entered
]]></system-out>
    <system-err><![CDATA[Jan 02, 2024 5:03:49 PM org.openqa.selenium.devtools.CdpVersionFinder findNearestMatch
WARNING: Unable to find an exact match for CDP version 120, returning the closest version; found: 119; Please update to a Selenium version that supports CDP version 120
]]></system-err>
  </testcase>
  <testcase name="Successfull Reset Password Verification" classname="Reset Password" time="0.03">
    <error message="The step &apos;user should be on the logged In&apos; and 4 other step(s) are undefined.&#10;You can implement these steps using the snippet(s) below:&#10;&#10;@Given(&quot;user should be on the logged In&quot;)&#10;public void user_should_be_on_the_logged_in() {&#10;    // Write code here that turns the phrase above into concrete actions&#10;    throw new io.cucumber.java.PendingException();&#10;}&#10;@Given(&quot;user navigate to reset password page {string}&quot;)&#10;public void user_navigate_to_reset_password_page(String string) {&#10;    // Write code here that turns the phrase above into concrete actions&#10;    throw new io.cucumber.java.PendingException();&#10;}&#10;@Given(&quot;user clicks {string} button&quot;)&#10;public void user_clicks_button(String string) {&#10;    // Write code here that turns the phrase above into concrete actions&#10;    throw new io.cucumber.java.PendingException();&#10;}&#10;@When(&quot;user ask to reset my password&quot;)&#10;public void user_ask_to_reset_my_password() {&#10;    // Write code here that turns the phrase above into concrete actions&#10;    throw new io.cucumber.java.PendingException();&#10;}&#10;@Then(&quot;user should review an email with:&quot;)&#10;public void user_should_review_an_email_with(String docString) {&#10;    // Write code here that turns the phrase above into concrete actions&#10;    throw new io.cucumber.java.PendingException();&#10;}&#10;" type="io.cucumber.junit.UndefinedStepException"><![CDATA[io.cucumber.junit.UndefinedStepException: 
The step 'user should be on the logged In' and 4 other step(s) are undefined.
You can implement these steps using the snippet(s) below:

@Given("user should be on the logged In")
public void user_should_be_on_the_logged_in() {
    // Write code here that turns the phrase above into concrete actions
    throw new io.cucumber.java.PendingException();
}
@Given("user navigate to reset password page {string}")
public void user_navigate_to_reset_password_page(String string) {
    // Write code here that turns the phrase above into concrete actions
    throw new io.cucumber.java.PendingException();
}
@Given("user clicks {string} button")
public void user_clicks_button(String string) {
    // Write code here that turns the phrase above into concrete actions
    throw new io.cucumber.java.PendingException();
}
@When("user ask to reset my password")
public void user_ask_to_reset_my_password() {
    // Write code here that turns the phrase above into concrete actions
    throw new io.cucumber.java.PendingException();
}
@Then("user should review an email with:")
public void user_should_review_an_email_with(String docString) {
    // Write code here that turns the phrase above into concrete actions
    throw new io.cucumber.java.PendingException();
}

]]></error>
  </testcase>
  <testcase name="Valid Credentials for login" classname="Reset Password" time="0.012">
    <error message="The step &apos;user check for &quot;email&quot; and &quot;password&quot; fields&apos; and 1 other step(s) are undefined.&#10;You can implement these steps using the snippet(s) below:&#10;&#10;@When(&quot;user check for {string} and {string} fields&quot;)&#10;public void user_check_for_and_fields(String string, String string2) {&#10;    // Write code here that turns the phrase above into concrete actions&#10;    throw new io.cucumber.java.PendingException();&#10;}&#10;@When(&quot;user clicks {string} button&quot;)&#10;public void user_clicks_button(String string) {&#10;    // Write code here that turns the phrase above into concrete actions&#10;    throw new io.cucumber.java.PendingException();&#10;}&#10;" type="io.cucumber.junit.UndefinedStepException"><![CDATA[io.cucumber.junit.UndefinedStepException: 
The step 'user check for "email" and "password" fields' and 1 other step(s) are undefined.
You can implement these steps using the snippet(s) below:

@When("user check for {string} and {string} fields")
public void user_check_for_and_fields(String string, String string2) {
    // Write code here that turns the phrase above into concrete actions
    throw new io.cucumber.java.PendingException();
}
@When("user clicks {string} button")
public void user_clicks_button(String string) {
    // Write code here that turns the phrase above into concrete actions
    throw new io.cucumber.java.PendingException();
}

]]></error>
    <system-out><![CDATA[This step : User want to enter valid ceredntials
]]></system-out>
  </testcase>
  <testcase name="Unsuccessful Verification of Login functionality" classname="Reset Password" time="0.016">
    <error message="The step &apos;user clicks &quot;login in&quot; button&apos; is undefined.&#10;You can implement this step using the snippet(s) below:&#10;&#10;@Given(&quot;user clicks {string} button&quot;)&#10;public void user_clicks_button(String string) {&#10;    // Write code here that turns the phrase above into concrete actions&#10;    throw new io.cucumber.java.PendingException();&#10;}&#10;" type="io.cucumber.junit.UndefinedStepException"><![CDATA[io.cucumber.junit.UndefinedStepException: 
The step 'user clicks "login in" button' is undefined.
You can implement this step using the snippet(s) below:

@Given("user clicks {string} button")
public void user_clicks_button(String string) {
    // Write code here that turns the phrase above into concrete actions
    throw new io.cucumber.java.PendingException();
}

]]></error>
    <system-out><![CDATA[This step : user should be on the login page.
This step : user enters email adress.
This step : user enters password
]]></system-out>
  </testcase>
  <testcase name="Successfull Login Verification" classname="Login Feature" time="5.645">
    <system-err><![CDATA[Jan 02, 2024 5:04:03 PM org.openqa.selenium.devtools.CdpVersionFinder findNearestMatch
WARNING: Unable to find an exact match for CDP version 120, returning the closest version; found: 119; Please update to a Selenium version that supports CDP version 120
]]></system-err>
  </testcase>
  <testcase name="Successful Login" classname="Ecommerce Web Application" time="0.009">
    <system-out><![CDATA[-- Test logic --
]]></system-out>
  </testcase>
  <testcase name="UnSuccessful Login" classname="Ecommerce Web Application" time="0.021">
    <system-out><![CDATA[-- Test logic --
]]></system-out>
  </testcase>
  <testcase name="Add a product to bag" classname="Ecommerce Web Application" time="0.007">
    <system-out><![CDATA[-- Test logic --
]]></system-out>
  </testcase>
  <testcase name="Add multiple product to bag" classname="Ecommerce Web Application" time="0.003">
    <system-out><![CDATA[-- Test logic --
]]></system-out>
  </testcase>
  <testcase name="Remove a product from bag" classname="Ecommerce Web Application" time="0.007">
    <system-out><![CDATA[-- Test logic --
]]></system-out>
  </testcase>
  <testcase name="Remove all products from bag" classname="Ecommerce Web Application" time="0.016">
    <system-out><![CDATA[-- Test logic --
]]></system-out>
  </testcase>
  <testcase name="product quantity from bag page" classname="Ecommerce Web Application" time="0.011">
    <system-out><![CDATA[-- Test logic --
]]></system-out>
  </testcase>
  <testcase name="Decrease product quantity from bag page" classname="Ecommerce Web Application" time="0.013">
    <system-out><![CDATA[-- Test logic --
]]></system-out>
  </testcase>
  <testcase name="Buy a product with cash payment" classname="Ecommerce Web Application" time="0.01">
    <system-out><![CDATA[-- Test logic --
]]></system-out>
  </testcase>
  <testcase name="Buy a product with CC payment" classname="Ecommerce Web Application" time="0.015">
    <system-out><![CDATA[-- Test logic --
]]></system-out>
  </testcase>
  <testcase name="Payment declined #1" classname="Ecommerce Web Application" time="0.005">
    <system-out><![CDATA[-- Test logic --
]]></system-out>
  </testcase>
  <testcase name="Payment declined #2" classname="Ecommerce Web Application" time="0.003">
    <system-out><![CDATA[-- Test logic --
]]></system-out>
  </testcase>
  <testcase name="Payment declined #3" classname="Ecommerce Web Application" time="0.013">
    <system-out><![CDATA[-- Test logic --
]]></system-out>
  </testcase>
  <testcase name="Payment declined #4" classname="Ecommerce Web Application" time="0.015">
    <system-out><![CDATA[-- Test logic --
]]></system-out>
  </testcase>
  <testcase name="Payment declined #5" classname="Ecommerce Web Application" time="0.004">
    <system-out><![CDATA[-- Test logic --
]]></system-out>
  </testcase>
</testsuite>